<?xml version="1.0" encoding="UTF-8"?>
<!-- Generated by org.testng.reporters.JUnitReportReporter -->
<testsuite hostname="LAPTOP-4JQF6QAN" failures="0" tests="1" name="com.obsqura.testScripts.SelectInputDemoTest" time="6.952" errors="0" timestamp="2022-12-08T09:28:23 IST" skipped="0">
  <testcase classname="com.obsqura.testScripts.SelectInputDemoTest" name="selectCheck" time="6.952"/>
  <system-out/>
</testsuite> <!-- com.obsqura.testScripts.SelectInputDemoTest -->
