<?xml version="1.0" encoding="UTF-8"?>
<!-- Generated by org.testng.reporters.JUnitReportReporter -->
<testsuite hostname="LAPTOP-4JQF6QAN" failures="0" tests="2" name="com.obsqura.testScripts.ManageSliderTest" time="9.531" errors="0" timestamp="2023-02-01T12:17:59 IST" skipped="0">
  <testcase classname="com.obsqura.testScripts.ManageSliderTest" name="verfyTitleTest" time="3.824"/>
  <system-out/>
  <testcase classname="com.obsqura.testScripts.ManageSliderTest" name="addNewSliderTest" time="5.707"/>
  <system-out/>
</testsuite> <!-- com.obsqura.testScripts.ManageSliderTest -->
