<?xml version="1.0" encoding="UTF-8"?>
<!-- Generated by org.testng.reporters.JUnitReportReporter -->
<testsuite hostname="LAPTOP-4JQF6QAN" failures="0" tests="1" name="com.obsqura.testScripts.ManageProductTest" time="3.316" errors="0" timestamp="2023-02-01T12:17:59 IST" skipped="0">
  <testcase classname="com.obsqura.testScripts.ManageProductTest" name="ManageProductTestMethod" time="3.316"/>
  <system-out/>
</testsuite> <!-- com.obsqura.testScripts.ManageProductTest -->
