<?xml version="1.0" encoding="UTF-8"?>
<!-- Generated by org.testng.reporters.JUnitReportReporter -->
<testsuite hostname="LAPTOP-4JQF6QAN" failures="0" tests="2" name="com.obsqura.testScripts.ManageExpenseTest" time="8.913" errors="0" timestamp="2023-02-01T12:17:59 IST" skipped="0">
  <testcase classname="com.obsqura.testScripts.ManageExpenseTest" name="manageExpenseTestMethod" time="4.303"/>
  <system-out/>
  <testcase classname="com.obsqura.testScripts.ManageExpenseTest" name="manageExpenseTestNew" time="4.610"/>
  <system-out/>
</testsuite> <!-- com.obsqura.testScripts.ManageExpenseTest -->
