<?xml version="1.0" encoding="UTF-8"?>
<!-- Generated by org.testng.reporters.JUnitReportReporter -->
<testsuite hostname="LAPTOP-4JQF6QAN" failures="0" tests="6" name="com.obsqura.testScripts.HomePageTest" time="21.716" errors="0" timestamp="2023-02-01T12:17:59 IST" skipped="0">
  <testcase classname="com.obsqura.testScripts.HomePageTest" name="clickManageLocationTest" time="3.727"/>
  <system-out/>
  <testcase classname="com.obsqura.testScripts.HomePageTest" name="clickManageSlideTest" time="3.980"/>
  <system-out/>
  <testcase classname="com.obsqura.testScripts.HomePageTest" name="clickManageUserTest" time="3.790"/>
  <system-out/>
  <testcase classname="com.obsqura.testScripts.HomePageTest" name="manageExpenseTextValidationTest" time="3.227"/>
  <system-out/>
  <testcase classname="com.obsqura.testScripts.HomePageTest" name="homeBgColorValidationTest" time="3.446"/>
  <system-out/>
  <testcase classname="com.obsqura.testScripts.HomePageTest" name="manageUsersTextValidationTest" time="3.546"/>
  <system-out/>
</testsuite> <!-- com.obsqura.testScripts.HomePageTest -->
