<?xml version="1.0" encoding="UTF-8"?>
<!-- Generated by org.testng.reporters.JUnitReportReporter -->
<testsuite hostname="LAPTOP-4JQF6QAN" failures="0" tests="6" name="com.obsqura.testScripts.ManageDeliveryBoyTest" time="28.661" errors="0" timestamp="2023-02-01T12:17:59 IST" skipped="0">
  <testcase classname="com.obsqura.testScripts.ManageDeliveryBoyTest" name="VerifyCreateNewDeliveryBoy" time="4.964"/>
  <system-out/>
  <testcase classname="com.obsqura.testScripts.ManageDeliveryBoyTest" name="verifyDeliveryboyPsw" time="5.601"/>
  <system-out/>
  <testcase classname="com.obsqura.testScripts.ManageDeliveryBoyTest" name="VerifyCreateNewDeliveryBoy" time="5.263"/>
  <system-out/>
  <testcase classname="com.obsqura.testScripts.ManageDeliveryBoyTest" name="verifyDeliveryboynameSearch" time="4.115"/>
  <system-out/>
  <testcase classname="com.obsqura.testScripts.ManageDeliveryBoyTest" name="verifyAddDeliveryBoyTest" time="3.787"/>
  <system-out/>
  <testcase classname="com.obsqura.testScripts.ManageDeliveryBoyTest" name="VerifyCreateNewDeliveryBoy" time="4.931"/>
  <system-out/>
</testsuite> <!-- com.obsqura.testScripts.ManageDeliveryBoyTest -->
