<?xml version="1.0" encoding="UTF-8"?>
<!-- Generated by org.testng.reporters.JUnitReportReporter -->
<testsuite hostname="LAPTOP-4JQF6QAN" failures="0" tests="1" name="com.obsqura.testScripts.ManageExpenseTest" time="6.504" errors="0" timestamp="2023-01-17T00:25:21 IST" skipped="0">
  <testcase classname="com.obsqura.testScripts.ManageExpenseTest" name="manageExpenseTestMethod" time="6.504"/>
  <system-out/>
</testsuite> <!-- com.obsqura.testScripts.ManageExpenseTest -->
