<?xml version="1.0" encoding="UTF-8"?>
<!-- Generated by org.testng.reporters.JUnitReportReporter -->
<testsuite hostname="LAPTOP-4JQF6QAN" failures="0" tests="1" name="com.obsqura.testScripts.SampleTest" time="3.290" errors="0" timestamp="2023-01-09T20:59:45 IST" skipped="0">
  <testcase classname="com.obsqura.testScripts.SampleTest" name="loadPage" time="3.290"/>
  <system-out/>
</testsuite> <!-- com.obsqura.testScripts.SampleTest -->
