<?xml version="1.0" encoding="UTF-8"?>
<!-- Generated by org.testng.reporters.JUnitReportReporter -->
<testsuite hostname="LAPTOP-4JQF6QAN" failures="0" tests="1" name="com.obsqura.testScripts.LoginTest" time="10.320" errors="0" timestamp="2023-01-17T00:25:21 IST" skipped="0">
  <testcase classname="com.obsqura.testScripts.LoginTest" name="loadPage" time="10.320"/>
  <system-out/>
</testsuite> <!-- com.obsqura.testScripts.LoginTest -->
