<?xml version="1.0" encoding="UTF-8"?>
<!-- Generated by org.testng.reporters.JUnitReportReporter -->
<testsuite hostname="LAPTOP-4JQF6QAN" failures="0" tests="1" name="com.obsqura.testScripts.LoginTest" time="11.556" errors="0" timestamp="2023-01-17T08:36:51 IST" skipped="0">
  <testcase classname="com.obsqura.testScripts.LoginTest" name="loadPage" time="11.556"/>
  <system-out/>
</testsuite> <!-- com.obsqura.testScripts.LoginTest -->
