<?xml version="1.0" encoding="UTF-8"?>
<!-- Generated by org.testng.reporters.JUnitReportReporter -->
<testsuite hostname="LAPTOP-4JQF6QAN" failures="0" tests="2" name="com.obsqura.testScripts.MobileSliderTest" time="10.783" errors="0" timestamp="2023-02-01T12:17:59 IST" skipped="0">
  <testcase classname="com.obsqura.testScripts.MobileSliderTest" name="verifyStatus" time="4.519"/>
  <system-out/>
  <testcase classname="com.obsqura.testScripts.MobileSliderTest" name="verifySlideInformationEntry" time="6.264"/>
  <system-out/>
</testsuite> <!-- com.obsqura.testScripts.MobileSliderTest -->
