<?xml version="1.0" encoding="UTF-8"?>
<!-- Generated by org.testng.reporters.JUnitReportReporter -->
<testsuite hostname="LAPTOP-4JQF6QAN" failures="0" tests="1" name="com.obsqura.testScripts.ManageExpenseTest" time="8.079" errors="0" timestamp="2023-01-17T08:36:51 IST" skipped="0">
  <testcase classname="com.obsqura.testScripts.ManageExpenseTest" name="manageExpenseTestMethod" time="8.079"/>
  <system-out/>
</testsuite> <!-- com.obsqura.testScripts.ManageExpenseTest -->
