<?xml version="1.0" encoding="UTF-8"?>
<!-- Generated by org.testng.reporters.JUnitReportReporter -->
<testsuite hostname="LAPTOP-4JQF6QAN" failures="0" tests="3" name="com.obsqura.testScripts.PushNotificationTest" time="12.375" errors="0" timestamp="2023-02-01T12:17:59 IST" skipped="0">
  <testcase classname="com.obsqura.testScripts.PushNotificationTest" name="pushNotificationTest" time="4.598"/>
  <system-out/>
  <testcase classname="com.obsqura.testScripts.PushNotificationTest" name="pushNotificationLogoutTest" time="3.741"/>
  <system-out/>
  <testcase classname="com.obsqura.testScripts.PushNotificationTest" name="pushNotificationResetTest" time="4.036"/>
  <system-out/>
</testsuite> <!-- com.obsqura.testScripts.PushNotificationTest -->
