<?xml version="1.0" encoding="UTF-8"?>
<!-- Generated by org.testng.reporters.JUnitReportReporter -->
<testsuite hostname="LAPTOP-4JQF6QAN" failures="0" tests="2" name="com.obsqura.testScripts.ManageUserTest" time="8.006" errors="0" timestamp="2023-02-01T12:17:59 IST" skipped="0">
  <testcase classname="com.obsqura.testScripts.ManageUserTest" name="verifyManageUserTest" time="3.804"/>
  <system-out/>
  <testcase classname="com.obsqura.testScripts.ManageUserTest" name="verifyManageUserPswTest" time="4.202"/>
  <system-out/>
</testsuite> <!-- com.obsqura.testScripts.ManageUserTest -->
