<?xml version="1.0" encoding="UTF-8"?>
<!-- Generated by org.testng.reporters.JUnitReportReporter -->
<testsuite hostname="LAPTOP-4JQF6QAN" failures="0" tests="1" name="com.obsqura.TestNgSample.GetLocation" time="5.837" errors="0" timestamp="2022-12-01T18:18:02 IST" skipped="0">
  <testcase classname="com.obsqura.TestNgSample.GetLocation" name="checkBoxesAllSelectOrUnSelect" time="5.837"/>
  <system-out/>
</testsuite> <!-- com.obsqura.TestNgSample.GetLocation -->
