<?xml version="1.0" encoding="UTF-8"?>
<!-- Generated by org.testng.reporters.JUnitReportReporter -->
<testsuite hostname="LAPTOP-4JQF6QAN" failures="0" tests="2" name="com.obsqura.TestNgSample.CssFind" time="6.778" errors="0" timestamp="2022-11-25T20:19:39 IST" skipped="0">
  <testcase classname="com.obsqura.TestNgSample.CssFind" name="softAssert" time="3.939"/>
  <system-out/>
  <testcase classname="com.obsqura.TestNgSample.CssFind" name="cssWrite" time="2.839"/>
  <system-out/>
</testsuite> <!-- com.obsqura.TestNgSample.CssFind -->
