<?xml version="1.0" encoding="UTF-8"?>
<!-- Generated by org.testng.reporters.JUnitReportReporter -->
<testsuite hostname="LAPTOP-4JQF6QAN" failures="0" tests="1" name="com.obsqura.TestNgSample.SelectSample" time="5.382" errors="0" timestamp="2022-12-05T16:40:18 IST" skipped="0">
  <testcase classname="com.obsqura.TestNgSample.SelectSample" name="multipleSample" time="5.382"/>
  <system-out/>
</testsuite> <!-- com.obsqura.TestNgSample.SelectSample -->
