<?xml version="1.0" encoding="UTF-8"?>
<!-- Generated by org.testng.reporters.JUnitReportReporter -->
<testsuite hostname="LAPTOP-4JQF6QAN" failures="0" tests="1" name="com.obsqura.TestNgSample.Sum" time="5.685" errors="0" timestamp="2022-11-24T21:19:42 IST" skipped="0">
  <testcase classname="com.obsqura.TestNgSample.Sum" name="getattributeSample" time="5.685"/>
  <system-out/>
</testsuite> <!-- com.obsqura.TestNgSample.Sum -->
