<?xml version="1.0" encoding="UTF-8"?>
<!-- Generated by org.testng.reporters.JUnitReportReporter -->
<testsuite hostname="LAPTOP-4JQF6QAN" failures="0" tests="1" name="com.obsqura.TestNgSample.TestCommands" time="0.026" errors="0" timestamp="2022-11-16T21:02:50 IST" skipped="0">
  <testcase classname="com.obsqura.TestNgSample.TestCommands" name="verifyUrlAndTitle" time="0.026"/>
  <system-out/>
</testsuite> <!-- com.obsqura.TestNgSample.TestCommands -->
