<?xml version="1.0" encoding="UTF-8"?>
<!-- Generated by org.testng.reporters.JUnitReportReporter -->
<testsuite hostname="LAPTOP-4JQF6QAN" failures="0" tests="1" name="com.obsqura.TestNgSample.GetLocation" time="4.266" errors="0" timestamp="2022-11-29T19:57:30 IST" skipped="0">
  <testcase classname="com.obsqura.TestNgSample.GetLocation" name="checkRadioButtonNone" time="4.266"/>
  <system-out/>
</testsuite> <!-- com.obsqura.TestNgSample.GetLocation -->
