<?xml version="1.0" encoding="UTF-8"?>
<!-- Generated by org.testng.reporters.JUnitReportReporter -->
<testsuite hostname="LAPTOP-4JQF6QAN" failures="0" tests="10" name="com.obsqura.TestNgSample.LocatorsSample" time="0.861" errors="0" timestamp="2022-11-18T20:35:42 IST" skipped="0">
  <testcase classname="com.obsqura.TestNgSample.LocatorsSample" name="idLocator" time="0.019"/>
  <system-out/>
  <testcase classname="com.obsqura.TestNgSample.LocatorsSample" name="nameLocator" time="0.035"/>
  <system-out/>
  <testcase classname="com.obsqura.TestNgSample.LocatorsSample" name="LocatorSample" time="0.364"/>
  <system-out/>
  <testcase classname="com.obsqura.TestNgSample.LocatorsSample" name="indexXpath" time="0.024"/>
  <system-out/>
  <testcase classname="com.obsqura.TestNgSample.LocatorsSample" name="classLocator" time="0.045"/>
  <system-out/>
  <testcase classname="com.obsqura.TestNgSample.LocatorsSample" name="locXpath" time="0.233"/>
  <system-out/>
  <testcase classname="com.obsqura.TestNgSample.LocatorsSample" name="locatorTagAndId" time="0.047"/>
  <system-out/>
  <testcase classname="com.obsqura.TestNgSample.LocatorsSample" name="LocatorTagAndAttribute" time="0.036"/>
  <system-out/>
  <testcase classname="com.obsqura.TestNgSample.LocatorsSample" name="LocatorTagClassAndAttribute" time="0.020"/>
  <system-out/>
  <testcase classname="com.obsqura.TestNgSample.LocatorsSample" name="LocatorTagAndClass" time="0.038"/>
  <system-out/>
</testsuite> <!-- com.obsqura.TestNgSample.LocatorsSample -->
