<?xml version="1.0" encoding="UTF-8"?>
<!-- Generated by org.testng.reporters.JUnitReportReporter -->
<testsuite hostname="LAPTOP-4JQF6QAN" failures="0" tests="2" name="com.obsqura.TestNgSample.CssFind" time="12.936" errors="0" timestamp="2022-11-28T00:09:32 IST" skipped="0">
  <testcase classname="com.obsqura.TestNgSample.CssFind" name="findelementsSample" time="7.105"/>
  <system-out/>
  <testcase classname="com.obsqura.TestNgSample.CssFind" name="softAssert" time="5.831"/>
  <system-out/>
</testsuite> <!-- com.obsqura.TestNgSample.CssFind -->
