<?xml version="1.0" encoding="UTF-8"?>
<!-- Generated by org.testng.reporters.JUnitReportReporter -->
<testsuite hostname="LAPTOP-4JQF6QAN" failures="0" tests="1" name="com.obsqura.TestNgSample.GetLocation" time="4.619" errors="0" timestamp="2022-11-30T14:39:01 IST" skipped="0">
  <testcase classname="com.obsqura.TestNgSample.GetLocation" name="RadioButtonGenderGpFemale" time="4.619"/>
  <system-out/>
</testsuite> <!-- com.obsqura.TestNgSample.GetLocation -->
