<?xml version="1.0" encoding="UTF-8"?>
<!-- Generated by org.testng.reporters.JUnitReportReporter -->
<testsuite hostname="LAPTOP-4JQF6QAN" failures="0" tests="1" name="com.obsqura.TestNgSample.BasicCommandsObsqura" time="3.723" errors="0" timestamp="2022-11-21T16:30:42 IST" skipped="0">
  <testcase classname="com.obsqura.TestNgSample.BasicCommandsObsqura" name="singleInputFieldVerification" time="3.723"/>
  <system-out/>
</testsuite> <!-- com.obsqura.TestNgSample.BasicCommandsObsqura -->
