<?xml version="1.0" encoding="UTF-8"?>
<!-- Generated by org.testng.reporters.JUnitReportReporter -->
<testsuite hostname="LAPTOP-4JQF6QAN" failures="0" tests="1" name="com.obsqura.TestNgSample.LocatorsSample" time="0.152" errors="0" timestamp="2022-11-16T21:11:12 IST" skipped="0">
  <testcase classname="com.obsqura.TestNgSample.LocatorsSample" name="LocatorSample" time="0.152"/>
  <system-out/>
</testsuite> <!-- com.obsqura.TestNgSample.LocatorsSample -->
