<?xml version="1.0" encoding="UTF-8"?>
<!-- Generated by org.testng.reporters.JUnitReportReporter -->
<testsuite hostname="LAPTOP-4JQF6QAN" failures="0" tests="1" name="com.obsqura.TestNgSample.Sum" time="3.904" errors="0" timestamp="2022-11-21T16:36:18 IST" skipped="0">
  <testcase classname="com.obsqura.TestNgSample.Sum" name="sum" time="3.904"/>
  <system-out/>
</testsuite> <!-- com.obsqura.TestNgSample.Sum -->
