<?xml version="1.0" encoding="UTF-8"?>
<!-- Generated by org.testng.reporters.JUnitReportReporter -->
<testsuite hostname="LAPTOP-4JQF6QAN" failures="0" tests="2" name="com.obsqura.TestNgSample.AnnotationsDemo" time="0.008" errors="0" timestamp="2022-11-22T20:38:45 IST" skipped="0">
  <testcase classname="com.obsqura.TestNgSample.AnnotationsDemo" name="testCase1" time="0.006"/>
  <system-out/>
  <testcase classname="com.obsqura.TestNgSample.AnnotationsDemo" name="testCase2" time="0.002"/>
  <system-out/>
</testsuite> <!-- com.obsqura.TestNgSample.AnnotationsDemo -->
