<?xml version="1.0" encoding="UTF-8"?>
<!-- Generated by org.testng.reporters.JUnitReportReporter -->
<testsuite hostname="LAPTOP-4JQF6QAN" failures="0" tests="3" name="com.obsqura.TestNgSample.LocatorsSample" time="15.794" errors="0" timestamp="2022-11-24T16:17:04 IST" skipped="0">
  <testcase classname="com.obsqura.TestNgSample.LocatorsSample" name="xpathTest" time="3.672"/>
  <system-out/>
  <testcase classname="com.obsqura.TestNgSample.LocatorsSample" name="idTest" time="5.700"/>
  <system-out/>
  <testcase classname="com.obsqura.TestNgSample.LocatorsSample" name="tagAndIdTest" time="6.422"/>
  <system-out/>
</testsuite> <!-- com.obsqura.TestNgSample.LocatorsSample -->
